<?xml version="1.0" encoding="UTF-8"?>
<!-- Generated by org.testng.reporters.JUnitXMLReporter -->
<testsuite hostname="DESKTOP-S7SSLM5" ignored="0" name="Test1" tests="4" failures="0" timestamp="2023-02-07T16:41:28 IST" time="0.599" errors="0">
  <testcase name="thirdTest" time="0.089" classname="batchExecution.ThirdTest"/>
  <testcase name="firstTest" time="0.005" classname="batchExecution.FirstTest"/>
  <testcase name="secondTest" time="0.004" classname="batchExecution.SecondTest"/>
  <testcase name="fourthTest" time="0.004" classname="batchExecution.FourthTest"/>
</testsuite> <!-- Test1 -->
