<?xml version="1.0" encoding="UTF-8"?>
<!-- Generated by org.testng.reporters.JUnitXMLReporter -->
<testsuite ignored="0" hostname="DESKTOP-S7SSLM5" failures="0" tests="1" name="Test" time="86.635" errors="0" timestamp="2023-02-02T16:30:01 IST">
  <testcase classname="grid.CrossBrowserInGrid" name="@BeforeClass classSetup" time="18.129">
    <failure type="org.openqa.selenium.SessionNotCreatedException" message="Could not start a new session. Response code 500. Message: Unable to create session from {
  &amp;quot;desiredCapabilities&amp;quot;: {
    &amp;quot;browserName&amp;quot;: &amp;quot;edge&amp;quot;,
    &amp;quot;server:CONFIG_UUID&amp;quot;: &amp;quot;d7e48d58-9ca1-428a-acff-3e1526d1841f&amp;quot;,
    &amp;quot;platformName&amp;quot;: &amp;quot;windows&amp;quot;
  },
  &amp;quot;capabilities&amp;quot;: {
    &amp;quot;firstMatch&amp;quot;: [
      {
        &amp;quot;browserName&amp;quot;: &amp;quot;edge&amp;quot;,
        &amp;quot;platformName&amp;quot;: &amp;quot;windows&amp;quot;,
        &amp;quot;server:CONFIG_UUID&amp;quot;: &amp;quot;d7e48d58-9ca1-428a-acff-3e1526d1841f&amp;quot;
      }
    ]
  }
}
Build info: version: &amp;apos;3.141.59&amp;apos;, revision: &amp;apos;e82be7d358&amp;apos;, time: &amp;apos;2018-11-14T08:25:53&amp;apos;
System info: host: &amp;apos;DESKTOP-S7SSLM5&amp;apos;, ip: &amp;apos;169.254.166.101&amp;apos;, os.name: &amp;apos;Windows 10&amp;apos;, os.arch: &amp;apos;amd64&amp;apos;, os.version: &amp;apos;10.0&amp;apos;, java.version: &amp;apos;1.8.0_361&amp;apos;
Driver info: driver.version: unknown 
Host info: host: &amp;apos;DESKTOP-S7SSLM5&amp;apos;, ip: &amp;apos;169.254.166.101&amp;apos;
Build info: version: &amp;apos;4.7.1&amp;apos;, revision: &amp;apos;c6795baf1a3&amp;apos;
System info: os.name: &amp;apos;Windows 10&amp;apos;, os.arch: &amp;apos;amd64&amp;apos;, os.version: &amp;apos;10.0&amp;apos;, java.version: &amp;apos;17.0.4.1&amp;apos;
Driver info: org.openqa.selenium.remote.RemoteWebDriver
Command: [null, newSession {capabilities=[Capabilities {browserName: edge, platformName: WINDOWS}], desiredCapabilities=Capabilities {browserName: edge, platformName: WINDOWS}}]
Capabilities {}">
      <![CDATA[org.openqa.selenium.SessionNotCreatedException: Could not start a new session. Response code 500. Message: Unable to create session from {
  "desiredCapabilities": {
    "browserName": "edge",
    "server:CONFIG_UUID": "d7e48d58-9ca1-428a-acff-3e1526d1841f",
    "platformName": "windows"
  },
  "capabilities": {
    "firstMatch": [
      {
        "browserName": "edge",
        "platformName": "windows",
        "server:CONFIG_UUID": "d7e48d58-9ca1-428a-acff-3e1526d1841f"
      }
    ]
  }
}
Build info: version: '3.141.59', revision: 'e82be7d358', time: '2018-11-14T08:25:53'
System info: host: 'DESKTOP-S7SSLM5', ip: '169.254.166.101', os.name: 'Windows 10', os.arch: 'amd64', os.version: '10.0', java.version: '1.8.0_361'
Driver info: driver.version: unknown 
Host info: host: 'DESKTOP-S7SSLM5', ip: '169.254.166.101'
Build info: version: '4.7.1', revision: 'c6795baf1a3'
System info: os.name: 'Windows 10', os.arch: 'amd64', os.version: '10.0', java.version: '17.0.4.1'
Driver info: org.openqa.selenium.remote.RemoteWebDriver
Command: [null, newSession {capabilities=[Capabilities {browserName: edge, platformName: WINDOWS}], desiredCapabilities=Capabilities {browserName: edge, platformName: WINDOWS}}]
Capabilities {}
at org.openqa.selenium.remote.ProtocolHandshake.createSession(ProtocolHandshake.java:148)
at org.openqa.selenium.remote.ProtocolHandshake.createSession(ProtocolHandshake.java:106)
at org.openqa.selenium.remote.ProtocolHandshake.createSession(ProtocolHandshake.java:67)
at org.openqa.selenium.remote.HttpCommandExecutor.execute(HttpCommandExecutor.java:156)
at org.openqa.selenium.remote.TracedCommandExecutor.execute(TracedCommandExecutor.java:51)
at org.openqa.selenium.remote.RemoteWebDriver.execute(RemoteWebDriver.java:551)
at org.openqa.selenium.remote.RemoteWebDriver.startSession(RemoteWebDriver.java:244)
at org.openqa.selenium.remote.RemoteWebDriver.<init>(RemoteWebDriver.java:159)
at org.openqa.selenium.remote.RemoteWebDriver.<init>(RemoteWebDriver.java:141)
at grid.CrossBrowserInGrid.classSetup(CrossBrowserInGrid.java:27)
at java.base/java.util.ArrayList.forEach(ArrayList.java:1511)
at java.base/java.util.concurrent.FutureTask.run(FutureTask.java:264)
at java.base/java.util.concurrent.ThreadPoolExecutor.runWorker(ThreadPoolExecutor.java:1136)
at java.base/java.util.concurrent.ThreadPoolExecutor$Worker.run(ThreadPoolExecutor.java:635)
at java.base/java.lang.Thread.run(Thread.java:833)
... Removed 15 stack frames]]>
    </failure>
  </testcase> <!-- @BeforeClass classSetup -->
  <testcase classname="grid.CrossBrowserInGrid" name="@BeforeClass classSetup" time="86.515">
    <failure type="org.openqa.selenium.SessionNotCreatedException" message="Could not start a new session. Response code 500. Message: chrome not reachable
Build info: version: &amp;apos;3.141.59&amp;apos;, revision: &amp;apos;e82be7d358&amp;apos;, time: &amp;apos;2018-11-14T08:25:53&amp;apos;
System info: host: &amp;apos;DESKTOP-S7SSLM5&amp;apos;, ip: &amp;apos;169.254.166.101&amp;apos;, os.name: &amp;apos;Windows 10&amp;apos;, os.arch: &amp;apos;amd64&amp;apos;, os.version: &amp;apos;10.0&amp;apos;, java.version: &amp;apos;1.8.0_361&amp;apos;
Driver info: driver.version: unknown
remote stacktrace: Backtrace:
	Ordinal0 [0x00A0ACD3+2075859]
	Ordinal0 [0x0099EE61+1633889]
	Ordinal0 [0x0089B680+571008]
	Ordinal0 [0x008912EA+529130]
	Ordinal0 [0x008BD96E+711022]
	Ordinal0 [0x008B9266+692838]
	Ordinal0 [0x008B6BE9+682985]
	Ordinal0 [0x008EDBD3+908243]
	Ordinal0 [0x008ED6AA+906922]
	Ordinal0 [0x008E7136+880950]
	Ordinal0 [0x008BFEFD+720637]
	Ordinal0 [0x008C0F3F+724799]
	GetHandleVerifier [0x00CBEED2+2769538]
	GetHandleVerifier [0x00CB0D95+2711877]
	GetHandleVerifier [0x00A9A03A+521194]
	GetHandleVerifier [0x00A98DA0+516432]
	Ordinal0 [0x009A682C+1665068]
	Ordinal0 [0x009AB128+1683752]
	Ordinal0 [0x009AB215+1683989]
	Ordinal0 [0x009B6484+1729668]
	BaseThreadInitThunk [0x771800F9+25]
	RtlGetAppContainerNamedObjectPath [0x77B27BBE+286]
	RtlGetAppContainerNamedObjectPath [0x77B27B8E+238]
 
Host info: host: &amp;apos;DESKTOP-S7SSLM5&amp;apos;, ip: &amp;apos;169.254.166.101&amp;apos;
Build info: version: &amp;apos;4.7.1&amp;apos;, revision: &amp;apos;c6795baf1a3&amp;apos;
System info: os.name: &amp;apos;Windows 10&amp;apos;, os.arch: &amp;apos;amd64&amp;apos;, os.version: &amp;apos;10.0&amp;apos;, java.version: &amp;apos;17.0.4.1&amp;apos;
Driver info: org.openqa.selenium.remote.RemoteWebDriver
Command: [null, newSession {capabilities=[Capabilities {browserName: chrome, platformName: WINDOWS}], desiredCapabilities=Capabilities {browserName: chrome, platformName: WINDOWS}}]
Capabilities {}">
      <![CDATA[org.openqa.selenium.SessionNotCreatedException: Could not start a new session. Response code 500. Message: chrome not reachable
Build info: version: '3.141.59', revision: 'e82be7d358', time: '2018-11-14T08:25:53'
System info: host: 'DESKTOP-S7SSLM5', ip: '169.254.166.101', os.name: 'Windows 10', os.arch: 'amd64', os.version: '10.0', java.version: '1.8.0_361'
Driver info: driver.version: unknown
remote stacktrace: Backtrace:
Ordinal0 [0x00A0ACD3+2075859]
Ordinal0 [0x0099EE61+1633889]
Ordinal0 [0x0089B680+571008]
Ordinal0 [0x008912EA+529130]
Ordinal0 [0x008BD96E+711022]
Ordinal0 [0x008B9266+692838]
Ordinal0 [0x008B6BE9+682985]
Ordinal0 [0x008EDBD3+908243]
Ordinal0 [0x008ED6AA+906922]
Ordinal0 [0x008E7136+880950]
Ordinal0 [0x008BFEFD+720637]
Ordinal0 [0x008C0F3F+724799]
GetHandleVerifier [0x00CBEED2+2769538]
GetHandleVerifier [0x00CB0D95+2711877]
GetHandleVerifier [0x00A9A03A+521194]
GetHandleVerifier [0x00A98DA0+516432]
Ordinal0 [0x009A682C+1665068]
Ordinal0 [0x009AB128+1683752]
Ordinal0 [0x009AB215+1683989]
Ordinal0 [0x009B6484+1729668]
BaseThreadInitThunk [0x771800F9+25]
RtlGetAppContainerNamedObjectPath [0x77B27BBE+286]
RtlGetAppContainerNamedObjectPath [0x77B27B8E+238]
 
Host info: host: 'DESKTOP-S7SSLM5', ip: '169.254.166.101'
Build info: version: '4.7.1', revision: 'c6795baf1a3'
System info: os.name: 'Windows 10', os.arch: 'amd64', os.version: '10.0', java.version: '17.0.4.1'
Driver info: org.openqa.selenium.remote.RemoteWebDriver
Command: [null, newSession {capabilities=[Capabilities {browserName: chrome, platformName: WINDOWS}], desiredCapabilities=Capabilities {browserName: chrome, platformName: WINDOWS}}]
Capabilities {}
at org.openqa.selenium.remote.ProtocolHandshake.createSession(ProtocolHandshake.java:148)
at org.openqa.selenium.remote.ProtocolHandshake.createSession(ProtocolHandshake.java:106)
at org.openqa.selenium.remote.ProtocolHandshake.createSession(ProtocolHandshake.java:67)
at org.openqa.selenium.remote.HttpCommandExecutor.execute(HttpCommandExecutor.java:156)
at org.openqa.selenium.remote.TracedCommandExecutor.execute(TracedCommandExecutor.java:51)
at org.openqa.selenium.remote.RemoteWebDriver.execute(RemoteWebDriver.java:551)
at org.openqa.selenium.remote.RemoteWebDriver.startSession(RemoteWebDriver.java:244)
at org.openqa.selenium.remote.RemoteWebDriver.<init>(RemoteWebDriver.java:159)
at org.openqa.selenium.remote.RemoteWebDriver.<init>(RemoteWebDriver.java:141)
at grid.CrossBrowserInGrid.classSetup(CrossBrowserInGrid.java:27)
at java.base/java.util.ArrayList.forEach(ArrayList.java:1511)
at java.base/java.util.concurrent.FutureTask.run(FutureTask.java:264)
at java.base/java.util.concurrent.ThreadPoolExecutor.runWorker(ThreadPoolExecutor.java:1136)
at java.base/java.util.concurrent.ThreadPoolExecutor$Worker.run(ThreadPoolExecutor.java:635)
at java.base/java.lang.Thread.run(Thread.java:833)
... Removed 15 stack frames]]>
    </failure>
  </testcase> <!-- @BeforeClass classSetup -->
  <testcase classname="grid.CrossBrowserInGrid" name="crossBrowserTest" time="0.0">
    <skipped/>
  </testcase> <!-- crossBrowserTest -->
</testsuite> <!-- Test -->
