<?xml version="1.0" encoding="UTF-8"?>
<testng-results skipped="0" failed="0" ignored="0" total="4" passed="4">
  <reporter-output>
  </reporter-output>
  <suite name="Suite" duration-ms="599" started-at="2023-02-07T16:41:27 IST" finished-at="2023-02-07T16:41:28 IST">
    <groups>
    </groups>
    <test name="Test1" duration-ms="599" started-at="2023-02-07T16:41:27 IST" finished-at="2023-02-07T16:41:28 IST">
      <class name="batchExecution.FirstTest">
        <test-method status="PASS" signature="firstTest()[pri:0, instance:batchExecution.FirstTest@1d371b2d]" name="firstTest" duration-ms="5" started-at="2023-02-07T16:41:28 IST" finished-at="2023-02-07T16:41:28 IST">
          <reporter-output>
          </reporter-output>
        </test-method> <!-- firstTest -->
      </class> <!-- batchExecution.FirstTest -->
      <class name="batchExecution.SecondTest">
        <test-method status="PASS" signature="secondTest()[pri:0, instance:batchExecution.SecondTest@543c6f6d]" name="secondTest" duration-ms="4" started-at="2023-02-07T16:41:28 IST" finished-at="2023-02-07T16:41:28 IST">
          <reporter-output>
          </reporter-output>
        </test-method> <!-- secondTest -->
      </class> <!-- batchExecution.SecondTest -->
      <class name="batchExecution.ThirdTest">
        <test-method status="PASS" signature="thirdTest()[pri:0, instance:batchExecution.ThirdTest@569cfc36]" name="thirdTest" duration-ms="89" started-at="2023-02-07T16:41:28 IST" finished-at="2023-02-07T16:41:28 IST">
          <reporter-output>
          </reporter-output>
        </test-method> <!-- thirdTest -->
      </class> <!-- batchExecution.ThirdTest -->
      <class name="batchExecution.FourthTest">
        <test-method status="PASS" signature="fourthTest()[pri:0, instance:batchExecution.FourthTest@13eb8acf]" name="fourthTest" duration-ms="4" started-at="2023-02-07T16:41:28 IST" finished-at="2023-02-07T16:41:28 IST">
          <reporter-output>
          </reporter-output>
        </test-method> <!-- fourthTest -->
      </class> <!-- batchExecution.FourthTest -->
    </test> <!-- Test1 -->
  </suite> <!-- Suite -->
</testng-results>
